# JRE version: Java(TM) SE Runtime Environment (14.0.2+12) (build 14.0.2+12-46)
# Java VM: Java HotSpot(TM) 64-Bit Server VM (14.0.2+12-46, mixed mode, sharing, tiered, compressed oops, g1 gc, windows-amd64)
Heap:
 garbage-first heap   total 20480K, used 5640K [0x00000000c0000000, 0x0000000100000000)
  region size 1024K, 1 young (1024K), 0 survivors (0K)
 Metaspace       used 2518K, capacity 4933K, committed 5120K, reserved 1056768K
  class space    used 221K, capacity 464K, committed 512K, reserved 1048576K
GC Heap History (20 events):
Event: 326.492 GC heap before
{Heap before GC invocations=26 (full 21):
 garbage-first heap   total 20480K, used 5640K [0x00000000c0000000, 0x0000000100000000)
  region size 1024K, 1 young (1024K), 0 survivors (0K)
 Metaspace       used 2518K, capacity 4933K, committed 5120K, reserved 1056768K
  class space    used 221K, capacity 464K, committed 512K, reserved 1048576K
}
Event: 326.498 GC heap after
{Heap after GC invocations=27 (full 22):
 garbage-first heap   total 20480K, used 5640K [0x00000000c0000000, 0x0000000100000000)
  region size 1024K, 0 young (0K), 0 survivors (0K)
 Metaspace       used 2518K, capacity 4933K, committed 5120K, reserved 1056768K
  class space    used 221K, capacity 464K, committed 512K, reserved 1048576K
}
Event: 326.624 GC heap before
{Heap before GC invocations=27 (full 22):
 garbage-first heap   total 20480K, used 5640K [0x00000000c0000000, 0x0000000100000000)
  region size 1024K, 1 young (1024K), 0 survivors (0K)
 Metaspace       used 2518K, capacity 4933K, committed 5120K, reserved 1056768K
  class space    used 221K, capacity 464K, committed 512K, reserved 1048576K
}
Event: 326.630 GC heap after
{Heap after GC invocations=28 (full 23):
 garbage-first heap   total 20480K, used 5640K [0x00000000c0000000, 0x0000000100000000)
  region size 1024K, 0 young (0K), 0 survivors (0K)
 Metaspace       used 2518K, capacity 4933K, committed 5120K, reserved 1056768K
  class space    used 221K, capacity 464K, committed 512K, reserved 1048576K
}
Event: 326.810 GC heap before
{Heap before GC invocations=28 (full 23):
 garbage-first heap   total 20480K, used 5640K [0x00000000c0000000, 0x0000000100000000)
  region size 1024K, 1 young (1024K), 0 survivors (0K)
 Metaspace       used 2518K, capacity 4933K, committed 5120K, reserved 1056768K
  class space    used 221K, capacity 464K, committed 512K, reserved 1048576K
}
Event: 326.821 GC heap after
{Heap after GC invocations=29 (full 24):
 garbage-first heap   total 20480K, used 5640K [0x00000000c0000000, 0x0000000100000000)
  region size 1024K, 0 young (0K), 0 survivors (0K)
 Metaspace       used 2518K, capacity 4933K, committed 5120K, reserved 1056768K
  class space    used 221K, capacity 464K, committed 512K, reserved 1048576K
}
Event: 330.881 GC heap before
{Heap before GC invocations=29 (full 24):
 garbage-first heap   total 20480K, used 5640K [0x00000000c0000000, 0x0000000100000000)
  region size 1024K, 1 young (1024K), 0 survivors (0K)
 Metaspace       used 2518K, capacity 4933K, committed 5120K, reserved 1056768K
  class space    used 221K, capacity 464K, committed 512K, reserved 1048576K
}
Event: 330.887 GC heap after
{Heap after GC invocations=30 (full 25):
 garbage-first heap   total 20480K, used 5640K [0x00000000c0000000, 0x0000000100000000)
  region size 1024K, 0 young (0K), 0 survivors (0K)
 Metaspace       used 2518K, capacity 4933K, committed 5120K, reserved 1056768K
  class space    used 221K, capacity 464K, committed 512K, reserved 1048576K
}
Event: 330.996 GC heap before
{Heap before GC invocations=30 (full 25):
 garbage-first heap   total 20480K, used 5640K [0x00000000c0000000, 0x0000000100000000)
  region size 1024K, 1 young (1024K), 0 survivors (0K)
 Metaspace       used 2518K, capacity 4933K, committed 5120K, reserved 1056768K
  class space    used 221K, capacity 464K, committed 512K, reserved 1048576K
}
Event: 331.002 GC heap after
{Heap after GC invocations=31 (full 26):
 garbage-first heap   total 20480K, used 5640K [0x00000000c0000000, 0x0000000100000000)
  region size 1024K, 0 young (0K), 0 survivors (0K)
 Metaspace       used 2518K, capacity 4933K, committed 5120K, reserved 1056768K
  class space    used 221K, capacity 464K, committed 512K, reserved 1048576K
}
Event: 331.128 GC heap before
{Heap before GC invocations=31 (full 26):
 garbage-first heap   total 20480K, used 5640K [0x00000000c0000000, 0x0000000100000000)
  region size 1024K, 1 young (1024K), 0 survivors (0K)
 Metaspace       used 2518K, capacity 4933K, committed 5120K, reserved 1056768K
  class space    used 221K, capacity 464K, committed 512K, reserved 1048576K
}
Event: 331.134 GC heap after
{Heap after GC invocations=32 (full 27):
 garbage-first heap   total 20480K, used 5640K [0x00000000c0000000, 0x0000000100000000)
  region size 1024K, 0 young (0K), 0 survivors (0K)
 Metaspace       used 2518K, capacity 4933K, committed 5120K, reserved 1056768K
  class space    used 221K, capacity 464K, committed 512K, reserved 1048576K
}
Event: 331.275 GC heap before
{Heap before GC invocations=32 (full 27):
 garbage-first heap   total 20480K, used 5640K [0x00000000c0000000, 0x0000000100000000)
  region size 1024K, 1 young (1024K), 0 survivors (0K)
 Metaspace       used 2518K, capacity 4933K, committed 5120K, reserved 1056768K
  class space    used 221K, capacity 464K, committed 512K, reserved 1048576K
}
Event: 331.281 GC heap after
{Heap after GC invocations=33 (full 28):
 garbage-first heap   total 20480K, used 5640K [0x00000000c0000000, 0x0000000100000000)
  region size 1024K, 0 young (0K), 0 survivors (0K)
 Metaspace       used 2518K, capacity 4933K, committed 5120K, reserved 1056768K
  class space    used 221K, capacity 464K, committed 512K, reserved 1048576K
}
Event: 332.853 GC heap before
{Heap before GC invocations=33 (full 28):
 garbage-first heap   total 20480K, used 5640K [0x00000000c0000000, 0x0000000100000000)
  region size 1024K, 1 young (1024K), 0 survivors (0K)
 Metaspace       used 2518K, capacity 4933K, committed 5120K, reserved 1056768K
  class space    used 221K, capacity 464K, committed 512K, reserved 1048576K
}
Event: 332.860 GC heap after
{Heap after GC invocations=34 (full 29):
 garbage-first heap   total 20480K, used 5640K [0x00000000c0000000, 0x0000000100000000)
  region size 1024K, 0 young (0K), 0 survivors (0K)
 Metaspace       used 2518K, capacity 4933K, committed 5120K, reserved 1056768K
  class space    used 221K, capacity 464K, committed 512K, reserved 1048576K
}
Event: 432.965 GC heap before
{Heap before GC invocations=34 (full 29):
 garbage-first heap   total 20480K, used 5640K [0x00000000c0000000, 0x0000000100000000)
  region size 1024K, 1 young (1024K), 0 survivors (0K)
 Metaspace       used 2518K, capacity 4933K, committed 5120K, reserved 1056768K
  class space    used 221K, capacity 464K, committed 512K, reserved 1048576K
}
Event: 432.971 GC heap after
{Heap after GC invocations=35 (full 30):
 garbage-first heap   total 20480K, used 5640K [0x00000000c0000000, 0x0000000100000000)
  region size 1024K, 0 young (0K), 0 survivors (0K)
 Metaspace       used 2518K, capacity 4933K, committed 5120K, reserved 1056768K
  class space    used 221K, capacity 464K, committed 512K, reserved 1048576K
}
Event: 433.815 GC heap before
{Heap before GC invocations=35 (full 30):
 garbage-first heap   total 20480K, used 5640K [0x00000000c0000000, 0x0000000100000000)
  region size 1024K, 1 young (1024K), 0 survivors (0K)
 Metaspace       used 2518K, capacity 4933K, committed 5120K, reserved 1056768K
  class space    used 221K, capacity 464K, committed 512K, reserved 1048576K
}
Event: 433.823 GC heap after
{Heap after GC invocations=36 (full 31):
 garbage-first heap   total 20480K, used 5640K [0x00000000c0000000, 0x0000000100000000)
  region size 1024K, 0 young (0K), 0 survivors (0K)
 Metaspace       used 2518K, capacity 4933K, committed 5120K, reserved 1056768K
  class space    used 221K, capacity 464K, committed 512K, reserved 1048576K
}

