# JRE version: Java(TM) SE Runtime Environment (14.0.2+12) (build 14.0.2+12-46)
# Java VM: Java HotSpot(TM) 64-Bit Server VM (14.0.2+12-46, mixed mode, sharing, tiered, compressed oops, g1 gc, windows-amd64)
Heap:
 garbage-first heap   total 20480K, used 5640K [0x00000000c0000000, 0x0000000100000000)
  region size 1024K, 1 young (1024K), 0 survivors (0K)
 Metaspace       used 2525K, capacity 4933K, committed 5120K, reserved 1056768K
  class space    used 221K, capacity 464K, committed 512K, reserved 1048576K
GC Heap History (20 events):
Event: 356.580 GC heap before
{Heap before GC invocations=25 (full 20):
 garbage-first heap   total 20480K, used 5640K [0x00000000c0000000, 0x0000000100000000)
  region size 1024K, 1 young (1024K), 0 survivors (0K)
 Metaspace       used 2525K, capacity 4933K, committed 5120K, reserved 1056768K
  class space    used 221K, capacity 464K, committed 512K, reserved 1048576K
}
Event: 356.591 GC heap after
{Heap after GC invocations=26 (full 21):
 garbage-first heap   total 20480K, used 5640K [0x00000000c0000000, 0x0000000100000000)
  region size 1024K, 0 young (0K), 0 survivors (0K)
 Metaspace       used 2525K, capacity 4933K, committed 5120K, reserved 1056768K
  class space    used 221K, capacity 464K, committed 512K, reserved 1048576K
}
Event: 356.826 GC heap before
{Heap before GC invocations=26 (full 21):
 garbage-first heap   total 20480K, used 5640K [0x00000000c0000000, 0x0000000100000000)
  region size 1024K, 1 young (1024K), 0 survivors (0K)
 Metaspace       used 2525K, capacity 4933K, committed 5120K, reserved 1056768K
  class space    used 221K, capacity 464K, committed 512K, reserved 1048576K
}
Event: 356.840 GC heap after
{Heap after GC invocations=27 (full 22):
 garbage-first heap   total 20480K, used 5640K [0x00000000c0000000, 0x0000000100000000)
  region size 1024K, 0 young (0K), 0 survivors (0K)
 Metaspace       used 2525K, capacity 4933K, committed 5120K, reserved 1056768K
  class space    used 221K, capacity 464K, committed 512K, reserved 1048576K
}
Event: 357.029 GC heap before
{Heap before GC invocations=27 (full 22):
 garbage-first heap   total 20480K, used 5640K [0x00000000c0000000, 0x0000000100000000)
  region size 1024K, 1 young (1024K), 0 survivors (0K)
 Metaspace       used 2525K, capacity 4933K, committed 5120K, reserved 1056768K
  class space    used 221K, capacity 464K, committed 512K, reserved 1048576K
}
Event: 357.043 GC heap after
{Heap after GC invocations=28 (full 23):
 garbage-first heap   total 20480K, used 5640K [0x00000000c0000000, 0x0000000100000000)
  region size 1024K, 0 young (0K), 0 survivors (0K)
 Metaspace       used 2525K, capacity 4933K, committed 5120K, reserved 1056768K
  class space    used 221K, capacity 464K, committed 512K, reserved 1048576K
}
Event: 360.686 GC heap before
{Heap before GC invocations=28 (full 23):
 garbage-first heap   total 20480K, used 5640K [0x00000000c0000000, 0x0000000100000000)
  region size 1024K, 1 young (1024K), 0 survivors (0K)
 Metaspace       used 2525K, capacity 4933K, committed 5120K, reserved 1056768K
  class space    used 221K, capacity 464K, committed 512K, reserved 1048576K
}
Event: 360.694 GC heap after
{Heap after GC invocations=29 (full 24):
 garbage-first heap   total 20480K, used 5640K [0x00000000c0000000, 0x0000000100000000)
  region size 1024K, 0 young (0K), 0 survivors (0K)
 Metaspace       used 2525K, capacity 4933K, committed 5120K, reserved 1056768K
  class space    used 221K, capacity 464K, committed 512K, reserved 1048576K
}
Event: 360.816 GC heap before
{Heap before GC invocations=29 (full 24):
 garbage-first heap   total 20480K, used 5640K [0x00000000c0000000, 0x0000000100000000)
  region size 1024K, 1 young (1024K), 0 survivors (0K)
 Metaspace       used 2525K, capacity 4933K, committed 5120K, reserved 1056768K
  class space    used 221K, capacity 464K, committed 512K, reserved 1048576K
}
Event: 360.823 GC heap after
{Heap after GC invocations=30 (full 25):
 garbage-first heap   total 20480K, used 5640K [0x00000000c0000000, 0x0000000100000000)
  region size 1024K, 0 young (0K), 0 survivors (0K)
 Metaspace       used 2525K, capacity 4933K, committed 5120K, reserved 1056768K
  class space    used 221K, capacity 464K, committed 512K, reserved 1048576K
}
Event: 360.949 GC heap before
{Heap before GC invocations=30 (full 25):
 garbage-first heap   total 20480K, used 5640K [0x00000000c0000000, 0x0000000100000000)
  region size 1024K, 1 young (1024K), 0 survivors (0K)
 Metaspace       used 2525K, capacity 4933K, committed 5120K, reserved 1056768K
  class space    used 221K, capacity 464K, committed 512K, reserved 1048576K
}
Event: 360.955 GC heap after
{Heap after GC invocations=31 (full 26):
 garbage-first heap   total 20480K, used 5640K [0x00000000c0000000, 0x0000000100000000)
  region size 1024K, 0 young (0K), 0 survivors (0K)
 Metaspace       used 2525K, capacity 4933K, committed 5120K, reserved 1056768K
  class space    used 221K, capacity 464K, committed 512K, reserved 1048576K
}
Event: 361.071 GC heap before
{Heap before GC invocations=31 (full 26):
 garbage-first heap   total 20480K, used 5640K [0x00000000c0000000, 0x0000000100000000)
  region size 1024K, 1 young (1024K), 0 survivors (0K)
 Metaspace       used 2525K, capacity 4933K, committed 5120K, reserved 1056768K
  class space    used 221K, capacity 464K, committed 512K, reserved 1048576K
}
Event: 361.078 GC heap after
{Heap after GC invocations=32 (full 27):
 garbage-first heap   total 20480K, used 5640K [0x00000000c0000000, 0x0000000100000000)
  region size 1024K, 0 young (0K), 0 survivors (0K)
 Metaspace       used 2525K, capacity 4933K, committed 5120K, reserved 1056768K
  class space    used 221K, capacity 464K, committed 512K, reserved 1048576K
}
Event: 362.724 GC heap before
{Heap before GC invocations=32 (full 27):
 garbage-first heap   total 20480K, used 5640K [0x00000000c0000000, 0x0000000100000000)
  region size 1024K, 1 young (1024K), 0 survivors (0K)
 Metaspace       used 2525K, capacity 4933K, committed 5120K, reserved 1056768K
  class space    used 221K, capacity 464K, committed 512K, reserved 1048576K
}
Event: 362.730 GC heap after
{Heap after GC invocations=33 (full 28):
 garbage-first heap   total 20480K, used 5640K [0x00000000c0000000, 0x0000000100000000)
  region size 1024K, 0 young (0K), 0 survivors (0K)
 Metaspace       used 2525K, capacity 4933K, committed 5120K, reserved 1056768K
  class space    used 221K, capacity 464K, committed 512K, reserved 1048576K
}
Event: 493.152 GC heap before
{Heap before GC invocations=33 (full 28):
 garbage-first heap   total 20480K, used 5640K [0x00000000c0000000, 0x0000000100000000)
  region size 1024K, 1 young (1024K), 0 survivors (0K)
 Metaspace       used 2525K, capacity 4933K, committed 5120K, reserved 1056768K
  class space    used 221K, capacity 464K, committed 512K, reserved 1048576K
}
Event: 493.163 GC heap after
{Heap after GC invocations=34 (full 29):
 garbage-first heap   total 20480K, used 5640K [0x00000000c0000000, 0x0000000100000000)
  region size 1024K, 0 young (0K), 0 survivors (0K)
 Metaspace       used 2525K, capacity 4933K, committed 5120K, reserved 1056768K
  class space    used 221K, capacity 464K, committed 512K, reserved 1048576K
}
Event: 494.311 GC heap before
{Heap before GC invocations=34 (full 29):
 garbage-first heap   total 20480K, used 5640K [0x00000000c0000000, 0x0000000100000000)
  region size 1024K, 1 young (1024K), 0 survivors (0K)
 Metaspace       used 2525K, capacity 4933K, committed 5120K, reserved 1056768K
  class space    used 221K, capacity 464K, committed 512K, reserved 1048576K
}
Event: 494.322 GC heap after
{Heap after GC invocations=35 (full 30):
 garbage-first heap   total 20480K, used 5640K [0x00000000c0000000, 0x0000000100000000)
  region size 1024K, 0 young (0K), 0 survivors (0K)
 Metaspace       used 2525K, capacity 4933K, committed 5120K, reserved 1056768K
  class space    used 221K, capacity 464K, committed 512K, reserved 1048576K
}

